<?xml version="1.0" encoding="UTF-8"?>
<coverage generated="1777809907903" clover="3.2.0">
  <project timestamp="1777809907903" name="All files">
    <metrics statements="62" coveredstatements="62" conditionals="27" coveredconditionals="27" methods="21" coveredmethods="21" elements="110" coveredelements="110" complexity="0" loc="62" ncloc="62" packages="4" files="4" classes="4"/>
    <package name="modules.monitor.repositories.inMemory">
      <metrics statements="23" coveredstatements="23" conditionals="12" coveredconditionals="12" methods="13" coveredmethods="13"/>
      <file name="monitorInMemoryRepository.ts" path="/home/gustavo/me/uptime-monitor-api/src/modules/monitor/repositories/inMemory/monitorInMemoryRepository.ts">
        <metrics statements="23" coveredstatements="23" conditionals="12" coveredconditionals="12" methods="13" coveredmethods="13"/>
        <line num="6" count="25" type="stmt"/>
        <line num="9" count="24" type="cond" truecount="2" falsecount="0"/>
        <line num="10" count="1" type="stmt"/>
        <line num="13" count="23" type="stmt"/>
        <line num="20" count="23" type="stmt"/>
        <line num="21" count="23" type="stmt"/>
        <line num="25" count="4" type="stmt"/>
        <line num="26" count="4" type="cond" truecount="2" falsecount="0"/>
        <line num="27" count="1" type="stmt"/>
        <line num="29" count="3" type="stmt"/>
        <line num="34" count="3" type="stmt"/>
        <line num="35" count="3" type="stmt"/>
        <line num="39" count="3" type="stmt"/>
        <line num="40" count="3" type="cond" truecount="2" falsecount="0"/>
        <line num="41" count="1" type="stmt"/>
        <line num="43" count="2" type="stmt"/>
        <line num="47" count="10" type="stmt"/>
        <line num="48" count="10" type="cond" truecount="2" falsecount="0"/>
        <line num="52" count="2" type="stmt"/>
        <line num="53" count="2" type="cond" truecount="2" falsecount="0"/>
        <line num="57" count="13" type="stmt"/>
        <line num="58" count="13" type="cond" truecount="2" falsecount="0"/>
        <line num="62" count="5" type="stmt"/>
      </file>
    </package>
    <package name="modules.monitor.useCases">
      <metrics statements="21" coveredstatements="21" conditionals="8" coveredconditionals="8" methods="6" coveredmethods="6"/>
      <file name="monitorUseCase.ts" path="/home/gustavo/me/uptime-monitor-api/src/modules/monitor/useCases/monitorUseCase.ts">
        <metrics statements="21" coveredstatements="21" conditionals="8" coveredconditionals="8" methods="6" coveredmethods="6"/>
        <line num="7" count="12" type="stmt"/>
        <line num="10" count="11" type="stmt"/>
        <line num="11" count="11" type="cond" truecount="2" falsecount="0"/>
        <line num="12" count="1" type="stmt"/>
        <line num="15" count="10" type="stmt"/>
        <line num="17" count="10" type="stmt"/>
        <line num="18" count="10" type="stmt"/>
        <line num="22" count="3" type="stmt"/>
        <line num="23" count="3" type="cond" truecount="2" falsecount="0"/>
        <line num="24" count="1" type="stmt"/>
        <line num="27" count="2" type="stmt"/>
        <line num="28" count="2" type="stmt"/>
        <line num="32" count="2" type="stmt"/>
        <line num="33" count="2" type="cond" truecount="2" falsecount="0"/>
        <line num="34" count="1" type="stmt"/>
        <line num="37" count="1" type="stmt"/>
        <line num="41" count="3" type="stmt"/>
        <line num="42" count="3" type="cond" truecount="2" falsecount="0"/>
        <line num="43" count="2" type="stmt"/>
        <line num="45" count="1" type="stmt"/>
        <line num="49" count="3" type="stmt"/>
      </file>
    </package>
    <package name="shared.infra.errors">
      <metrics statements="2" coveredstatements="2" conditionals="1" coveredconditionals="1" methods="1" coveredmethods="1"/>
      <file name="appError.ts" path="/home/gustavo/me/uptime-monitor-api/src/shared/infra/errors/appError.ts">
        <metrics statements="2" coveredstatements="2" conditionals="1" coveredconditionals="1" methods="1" coveredmethods="1"/>
        <line num="7" count="13" type="stmt"/>
        <line num="8" count="13" type="stmt"/>
      </file>
    </package>
    <package name="shared.infra.http">
      <metrics statements="16" coveredstatements="16" conditionals="6" coveredconditionals="6" methods="1" coveredmethods="1"/>
      <file name="rateLimiter.ts" path="/home/gustavo/me/uptime-monitor-api/src/shared/infra/http/rateLimiter.ts">
        <metrics statements="16" coveredstatements="16" conditionals="6" coveredconditionals="6" methods="1" coveredmethods="1"/>
        <line num="4" count="1" type="stmt"/>
        <line num="6" count="1" type="stmt"/>
        <line num="7" count="204" type="stmt"/>
        <line num="8" count="204" type="stmt"/>
        <line num="10" count="204" type="cond" truecount="2" falsecount="0"/>
        <line num="11" count="3" type="stmt"/>
        <line num="13" count="201" type="stmt"/>
        <line num="14" count="201" type="stmt"/>
        <line num="16" count="201" type="cond" truecount="2" falsecount="0"/>
        <line num="17" count="200" type="stmt"/>
        <line num="19" count="1" type="stmt"/>
        <line num="23" count="204" type="stmt"/>
        <line num="25" count="204" type="cond" truecount="2" falsecount="0"/>
        <line num="26" count="2" type="stmt"/>
        <line num="29" count="202" type="stmt"/>
        <line num="30" count="202" type="stmt"/>
      </file>
    </package>
  </project>
</coverage>
