{"/home/gustavo/me/uptime-monitor-api/src/modules/monitor/repositories/inMemory/monitorInMemoryRepository.ts": {"path":"/home/gustavo/me/uptime-monitor-api/src/modules/monitor/repositories/inMemory/monitorInMemoryRepository.ts","statementMap":{"0":{"start":{"line":6,"column":53},"end":{"line":6,"column":55}},"1":{"start":{"line":9,"column":8},"end":{"line":10,"column":null}},"2":{"start":{"line":9,"column":44},"end":{"line":9,"column":69}},"3":{"start":{"line":10,"column":12},"end":{"line":10,"column":null}},"4":{"start":{"line":13,"column":44},"end":{"line":18,"column":null}},"5":{"start":{"line":20,"column":8},"end":{"line":20,"column":null}},"6":{"start":{"line":21,"column":8},"end":{"line":21,"column":null}},"7":{"start":{"line":25,"column":24},"end":{"line":25,"column":74}},"8":{"start":{"line":25,"column":56},"end":{"line":25,"column":74}},"9":{"start":{"line":26,"column":8},"end":{"line":27,"column":null}},"10":{"start":{"line":27,"column":12},"end":{"line":27,"column":null}},"11":{"start":{"line":29,"column":51},"end":{"line":33,"column":null}},"12":{"start":{"line":34,"column":8},"end":{"line":34,"column":null}},"13":{"start":{"line":35,"column":8},"end":{"line":35,"column":null}},"14":{"start":{"line":39,"column":24},"end":{"line":39,"column":74}},"15":{"start":{"line":39,"column":56},"end":{"line":39,"column":74}},"16":{"start":{"line":40,"column":8},"end":{"line":41,"column":null}},"17":{"start":{"line":41,"column":12},"end":{"line":41,"column":null}},"18":{"start":{"line":43,"column":8},"end":{"line":43,"column":null}},"19":{"start":{"line":47,"column":24},"end":{"line":47,"column":74}},"20":{"start":{"line":47,"column":56},"end":{"line":47,"column":74}},"21":{"start":{"line":48,"column":8},"end":{"line":48,"column":null}},"22":{"start":{"line":52,"column":24},"end":{"line":52,"column":78}},"23":{"start":{"line":52,"column":56},"end":{"line":52,"column":78}},"24":{"start":{"line":53,"column":8},"end":{"line":53,"column":null}},"25":{"start":{"line":57,"column":24},"end":{"line":57,"column":76}},"26":{"start":{"line":57,"column":56},"end":{"line":57,"column":76}},"27":{"start":{"line":58,"column":8},"end":{"line":58,"column":null}},"28":{"start":{"line":62,"column":8},"end":{"line":62,"column":null}}},"fnMap":{"0":{"name":"(anonymous_0)","decl":{"start":{"line":8,"column":10},"end":{"line":8,"column":17}},"loc":{"start":{"line":8,"column":89},"end":{"line":21,"column":null}},"line":8},"1":{"name":"(anonymous_1)","decl":{"start":{"line":9,"column":26},"end":{"line":9,"column":32}},"loc":{"start":{"line":9,"column":44},"end":{"line":9,"column":69}},"line":9},"2":{"name":"(anonymous_2)","decl":{"start":{"line":24,"column":10},"end":{"line":24,"column":17}},"loc":{"start":{"line":24,"column":89},"end":{"line":35,"column":null}},"line":24},"3":{"name":"(anonymous_3)","decl":{"start":{"line":25,"column":38},"end":{"line":25,"column":44}},"loc":{"start":{"line":25,"column":56},"end":{"line":25,"column":74}},"line":25},"4":{"name":"(anonymous_4)","decl":{"start":{"line":38,"column":10},"end":{"line":38,"column":17}},"loc":{"start":{"line":38,"column":44},"end":{"line":43,"column":null}},"line":38},"5":{"name":"(anonymous_5)","decl":{"start":{"line":39,"column":38},"end":{"line":39,"column":44}},"loc":{"start":{"line":39,"column":56},"end":{"line":39,"column":74}},"line":39},"6":{"name":"(anonymous_6)","decl":{"start":{"line":46,"column":10},"end":{"line":46,"column":19}},"loc":{"start":{"line":46,"column":67},"end":{"line":48,"column":null}},"line":46},"7":{"name":"(anonymous_7)","decl":{"start":{"line":47,"column":38},"end":{"line":47,"column":44}},"loc":{"start":{"line":47,"column":56},"end":{"line":47,"column":74}},"line":47},"8":{"name":"(anonymous_8)","decl":{"start":{"line":51,"column":10},"end":{"line":51,"column":21}},"loc":{"start":{"line":51,"column":71},"end":{"line":53,"column":null}},"line":51},"9":{"name":"(anonymous_9)","decl":{"start":{"line":52,"column":38},"end":{"line":52,"column":44}},"loc":{"start":{"line":52,"column":56},"end":{"line":52,"column":78}},"line":52},"10":{"name":"(anonymous_10)","decl":{"start":{"line":56,"column":10},"end":{"line":56,"column":20}},"loc":{"start":{"line":56,"column":69},"end":{"line":58,"column":null}},"line":56},"11":{"name":"(anonymous_11)","decl":{"start":{"line":57,"column":38},"end":{"line":57,"column":44}},"loc":{"start":{"line":57,"column":56},"end":{"line":57,"column":76}},"line":57},"12":{"name":"(anonymous_12)","decl":{"start":{"line":61,"column":10},"end":{"line":61,"column":51}},"loc":{"start":{"line":61,"column":51},"end":{"line":62,"column":null}},"line":61}},"branchMap":{"0":{"loc":{"start":{"line":9,"column":8},"end":{"line":10,"column":null}},"type":"if","locations":[{"start":{"line":9,"column":8},"end":{"line":10,"column":null}},{"start":{},"end":{}}],"line":9},"1":{"loc":{"start":{"line":26,"column":8},"end":{"line":27,"column":null}},"type":"if","locations":[{"start":{"line":26,"column":8},"end":{"line":27,"column":null}},{"start":{},"end":{}}],"line":26},"2":{"loc":{"start":{"line":40,"column":8},"end":{"line":41,"column":null}},"type":"if","locations":[{"start":{"line":40,"column":8},"end":{"line":41,"column":null}},{"start":{},"end":{}}],"line":40},"3":{"loc":{"start":{"line":48,"column":15},"end":{"line":48,"column":null}},"type":"binary-expr","locations":[{"start":{"line":48,"column":15},"end":{"line":48,"column":26}},{"start":{"line":48,"column":26},"end":{"line":48,"column":null}}],"line":48},"4":{"loc":{"start":{"line":53,"column":15},"end":{"line":53,"column":null}},"type":"binary-expr","locations":[{"start":{"line":53,"column":15},"end":{"line":53,"column":26}},{"start":{"line":53,"column":26},"end":{"line":53,"column":null}}],"line":53},"5":{"loc":{"start":{"line":58,"column":15},"end":{"line":58,"column":null}},"type":"binary-expr","locations":[{"start":{"line":58,"column":15},"end":{"line":58,"column":26}},{"start":{"line":58,"column":26},"end":{"line":58,"column":null}}],"line":58}},"s":{"0":25,"1":24,"2":3,"3":1,"4":23,"5":23,"6":23,"7":4,"8":4,"9":4,"10":1,"11":3,"12":3,"13":3,"14":3,"15":3,"16":3,"17":1,"18":2,"19":10,"20":6,"21":10,"22":2,"23":2,"24":2,"25":13,"26":5,"27":13,"28":5},"f":{"0":24,"1":3,"2":4,"3":4,"4":3,"5":3,"6":10,"7":6,"8":2,"9":2,"10":13,"11":5,"12":5},"b":{"0":[1,23],"1":[1,3],"2":[1,2],"3":[10,5],"4":[2,1],"5":[13,11]},"meta":{"lastBranch":6,"lastFunction":13,"lastStatement":29,"seen":{"s:6:53:6:55":0,"f:8:10:8:17":0,"b:9:8:10:Infinity:undefined:undefined:undefined:undefined":0,"s:9:8:10:Infinity":1,"f:9:26:9:32":1,"s:9:44:9:69":2,"s:10:12:10:Infinity":3,"s:13:44:18:Infinity":4,"s:20:8:20:Infinity":5,"s:21:8:21:Infinity":6,"f:24:10:24:17":2,"s:25:24:25:74":7,"f:25:38:25:44":3,"s:25:56:25:74":8,"b:26:8:27:Infinity:undefined:undefined:undefined:undefined":1,"s:26:8:27:Infinity":9,"s:27:12:27:Infinity":10,"s:29:51:33:Infinity":11,"s:34:8:34:Infinity":12,"s:35:8:35:Infinity":13,"f:38:10:38:17":4,"s:39:24:39:74":14,"f:39:38:39:44":5,"s:39:56:39:74":15,"b:40:8:41:Infinity:undefined:undefined:undefined:undefined":2,"s:40:8:41:Infinity":16,"s:41:12:41:Infinity":17,"s:43:8:43:Infinity":18,"f:46:10:46:19":6,"s:47:24:47:74":19,"f:47:38:47:44":7,"s:47:56:47:74":20,"s:48:8:48:Infinity":21,"b:48:15:48:26:48:26:48:Infinity":3,"f:51:10:51:21":8,"s:52:24:52:78":22,"f:52:38:52:44":9,"s:52:56:52:78":23,"s:53:8:53:Infinity":24,"b:53:15:53:26:53:26:53:Infinity":4,"f:56:10:56:20":10,"s:57:24:57:76":25,"f:57:38:57:44":11,"s:57:56:57:76":26,"s:58:8:58:Infinity":27,"b:58:15:58:26:58:26:58:Infinity":5,"f:61:10:61:51":12,"s:62:8:62:Infinity":28}}}
,"/home/gustavo/me/uptime-monitor-api/src/modules/monitor/useCases/monitorUseCase.ts": {"path":"/home/gustavo/me/uptime-monitor-api/src/modules/monitor/useCases/monitorUseCase.ts","statementMap":{"0":{"start":{"line":7,"column":33},"end":{"line":7,"column":72}},"1":{"start":{"line":10,"column":23},"end":{"line":10,"column":71}},"2":{"start":{"line":11,"column":8},"end":{"line":12,"column":null}},"3":{"start":{"line":12,"column":12},"end":{"line":12,"column":null}},"4":{"start":{"line":15,"column":14},"end":{"line":15,"column":31}},"5":{"start":{"line":17,"column":24},"end":{"line":17,"column":69}},"6":{"start":{"line":18,"column":8},"end":{"line":18,"column":null}},"7":{"start":{"line":22,"column":23},"end":{"line":22,"column":64}},"8":{"start":{"line":23,"column":8},"end":{"line":24,"column":null}},"9":{"start":{"line":24,"column":12},"end":{"line":24,"column":null}},"10":{"start":{"line":27,"column":24},"end":{"line":27,"column":69}},"11":{"start":{"line":28,"column":8},"end":{"line":28,"column":null}},"12":{"start":{"line":32,"column":23},"end":{"line":32,"column":64}},"13":{"start":{"line":33,"column":8},"end":{"line":34,"column":null}},"14":{"start":{"line":34,"column":12},"end":{"line":34,"column":null}},"15":{"start":{"line":37,"column":8},"end":{"line":37,"column":null}},"16":{"start":{"line":41,"column":23},"end":{"line":41,"column":64}},"17":{"start":{"line":42,"column":8},"end":{"line":43,"column":null}},"18":{"start":{"line":43,"column":12},"end":{"line":43,"column":null}},"19":{"start":{"line":45,"column":8},"end":{"line":45,"column":null}},"20":{"start":{"line":49,"column":8},"end":{"line":49,"column":null}}},"fnMap":{"0":{"name":"(anonymous_0)","decl":{"start":{"line":7,"column":4},"end":{"line":7,"column":16}},"loc":{"start":{"line":7,"column":72},"end":{"line":7,"column":72}},"line":7},"1":{"name":"(anonymous_1)","decl":{"start":{"line":9,"column":10},"end":{"line":9,"column":17}},"loc":{"start":{"line":9,"column":48},"end":{"line":18,"column":null}},"line":9},"2":{"name":"(anonymous_2)","decl":{"start":{"line":21,"column":10},"end":{"line":21,"column":17}},"loc":{"start":{"line":21,"column":60},"end":{"line":28,"column":null}},"line":21},"3":{"name":"(anonymous_3)","decl":{"start":{"line":31,"column":10},"end":{"line":31,"column":17}},"loc":{"start":{"line":31,"column":29},"end":{"line":37,"column":null}},"line":31},"4":{"name":"(anonymous_4)","decl":{"start":{"line":40,"column":10},"end":{"line":40,"column":19}},"loc":{"start":{"line":40,"column":31},"end":{"line":45,"column":null}},"line":40},"5":{"name":"(anonymous_5)","decl":{"start":{"line":48,"column":10},"end":{"line":48,"column":20}},"loc":{"start":{"line":48,"column":20},"end":{"line":49,"column":null}},"line":48}},"branchMap":{"0":{"loc":{"start":{"line":11,"column":8},"end":{"line":12,"column":null}},"type":"if","locations":[{"start":{"line":11,"column":8},"end":{"line":12,"column":null}},{"start":{},"end":{}}],"line":11},"1":{"loc":{"start":{"line":23,"column":8},"end":{"line":24,"column":null}},"type":"if","locations":[{"start":{"line":23,"column":8},"end":{"line":24,"column":null}},{"start":{},"end":{}}],"line":23},"2":{"loc":{"start":{"line":33,"column":8},"end":{"line":34,"column":null}},"type":"if","locations":[{"start":{"line":33,"column":8},"end":{"line":34,"column":null}},{"start":{},"end":{}}],"line":33},"3":{"loc":{"start":{"line":42,"column":8},"end":{"line":43,"column":null}},"type":"if","locations":[{"start":{"line":42,"column":8},"end":{"line":43,"column":null}},{"start":{},"end":{}}],"line":42}},"s":{"0":12,"1":11,"2":11,"3":1,"4":10,"5":10,"6":10,"7":3,"8":3,"9":1,"10":2,"11":2,"12":2,"13":2,"14":1,"15":1,"16":3,"17":3,"18":2,"19":1,"20":3},"f":{"0":12,"1":11,"2":3,"3":2,"4":3,"5":3},"b":{"0":[1,10],"1":[1,2],"2":[1,1],"3":[2,1]},"meta":{"lastBranch":4,"lastFunction":6,"lastStatement":21,"seen":{"f:7:4:7:16":0,"s:7:33:7:72":0,"f:9:10:9:17":1,"s:10:23:10:71":1,"b:11:8:12:Infinity:undefined:undefined:undefined:undefined":0,"s:11:8:12:Infinity":2,"s:12:12:12:Infinity":3,"s:15:14:15:31":4,"s:17:24:17:69":5,"s:18:8:18:Infinity":6,"f:21:10:21:17":2,"s:22:23:22:64":7,"b:23:8:24:Infinity:undefined:undefined:undefined:undefined":1,"s:23:8:24:Infinity":8,"s:24:12:24:Infinity":9,"s:27:24:27:69":10,"s:28:8:28:Infinity":11,"f:31:10:31:17":3,"s:32:23:32:64":12,"b:33:8:34:Infinity:undefined:undefined:undefined:undefined":2,"s:33:8:34:Infinity":13,"s:34:12:34:Infinity":14,"s:37:8:37:Infinity":15,"f:40:10:40:19":4,"s:41:23:41:64":16,"b:42:8:43:Infinity:undefined:undefined:undefined:undefined":3,"s:42:8:43:Infinity":17,"s:43:12:43:Infinity":18,"s:45:8:45:Infinity":19,"f:48:10:48:20":5,"s:49:8:49:Infinity":20}}}
,"/home/gustavo/me/uptime-monitor-api/src/shared/infra/errors/appError.ts": {"path":"/home/gustavo/me/uptime-monitor-api/src/shared/infra/errors/appError.ts","statementMap":{"0":{"start":{"line":7,"column":4},"end":{"line":7,"column":null}},"1":{"start":{"line":8,"column":4},"end":{"line":8,"column":null}}},"fnMap":{"0":{"name":"(anonymous_0)","decl":{"start":{"line":6,"column":2},"end":{"line":6,"column":14}},"loc":{"start":{"line":6,"column":49},"end":{"line":8,"column":null}},"line":6}},"branchMap":{"0":{"loc":{"start":{"line":6,"column":31},"end":{"line":6,"column":49}},"type":"default-arg","locations":[{"start":{"line":6,"column":44},"end":{"line":6,"column":49}}],"line":6}},"s":{"0":13,"1":13},"f":{"0":13},"b":{"0":[13]},"meta":{"lastBranch":1,"lastFunction":1,"lastStatement":2,"seen":{"f:6:2:6:14":0,"b:6:44:6:49":0,"s:7:4:7:Infinity":0,"s:8:4:8:Infinity":1}}}
,"/home/gustavo/me/uptime-monitor-api/src/shared/infra/http/rateLimiter.ts": {"path":"/home/gustavo/me/uptime-monitor-api/src/shared/infra/http/rateLimiter.ts","statementMap":{"0":{"start":{"line":4,"column":78},"end":{"line":4,"column":80}},"1":{"start":{"line":6,"column":13},"end":{"line":30,"column":null}},"2":{"start":{"line":7,"column":13},"end":{"line":7,"column":null}},"3":{"start":{"line":8,"column":14},"end":{"line":8,"column":24}},"4":{"start":{"line":10,"column":2},"end":{"line":19,"column":null}},"5":{"start":{"line":11,"column":4},"end":{"line":11,"column":null}},"6":{"start":{"line":13,"column":33},"end":{"line":13,"column":null}},"7":{"start":{"line":14,"column":22},"end":{"line":14,"column":null}},"8":{"start":{"line":16,"column":4},"end":{"line":19,"column":null}},"9":{"start":{"line":17,"column":6},"end":{"line":17,"column":null}},"10":{"start":{"line":19,"column":6},"end":{"line":19,"column":null}},"11":{"start":{"line":23,"column":22},"end":{"line":23,"column":null}},"12":{"start":{"line":25,"column":2},"end":{"line":26,"column":null}},"13":{"start":{"line":26,"column":4},"end":{"line":26,"column":null}},"14":{"start":{"line":29,"column":2},"end":{"line":29,"column":null}},"15":{"start":{"line":30,"column":2},"end":{"line":30,"column":null}}},"fnMap":{"0":{"name":"(anonymous_0)","decl":{"start":{"line":6,"column":13},"end":{"line":6,"column":28}},"loc":{"start":{"line":6,"column":80},"end":{"line":30,"column":null}},"line":6}},"branchMap":{"0":{"loc":{"start":{"line":10,"column":2},"end":{"line":19,"column":null}},"type":"if","locations":[{"start":{"line":10,"column":2},"end":{"line":19,"column":null}},{"start":{"line":12,"column":9},"end":{"line":19,"column":null}}],"line":10},"1":{"loc":{"start":{"line":16,"column":4},"end":{"line":19,"column":null}},"type":"if","locations":[{"start":{"line":16,"column":4},"end":{"line":19,"column":null}},{"start":{"line":18,"column":11},"end":{"line":19,"column":null}}],"line":16},"2":{"loc":{"start":{"line":25,"column":2},"end":{"line":26,"column":null}},"type":"if","locations":[{"start":{"line":25,"column":2},"end":{"line":26,"column":null}},{"start":{},"end":{}}],"line":25}},"s":{"0":1,"1":1,"2":204,"3":204,"4":204,"5":3,"6":201,"7":201,"8":201,"9":200,"10":1,"11":204,"12":204,"13":2,"14":202,"15":202},"f":{"0":204},"b":{"0":[3,201],"1":[200,1],"2":[2,202]},"meta":{"lastBranch":3,"lastFunction":1,"lastStatement":16,"seen":{"s:4:78:4:80":0,"s:6:13:30:Infinity":1,"f:6:13:6:28":0,"s:7:13:7:Infinity":2,"s:8:14:8:24":3,"b:10:2:19:Infinity:12:9:19:Infinity":0,"s:10:2:19:Infinity":4,"s:11:4:11:Infinity":5,"s:13:33:13:Infinity":6,"s:14:22:14:Infinity":7,"b:16:4:19:Infinity:18:11:19:Infinity":1,"s:16:4:19:Infinity":8,"s:17:6:17:Infinity":9,"s:19:6:19:Infinity":10,"s:23:22:23:Infinity":11,"b:25:2:26:Infinity:undefined:undefined:undefined:undefined":2,"s:25:2:26:Infinity":12,"s:26:4:26:Infinity":13,"s:29:2:29:Infinity":14,"s:30:2:30:Infinity":15}}}
}
